app/build/intermediates/manifest_merge_blame_file/debug/manifest-merger-blame-debug-report.txt
1<?xml version="1.0" encoding="utf-8"?>
2<manifest xmlns:android="http://schemas.android.com/apk/res/android"
3    package="org.kruemelopment.springball"
4    android:versionCode="52"
5    android:versionName="6.0.4" >
6
7    <uses-sdk
8        android:minSdkVersion="24"
9        android:targetSdkVersion="34" />
10
11    <uses-permission android:name="android.permission.INTERNET" />
11-->src\main\AndroidManifest.xml:5:5-67
11-->src\main\AndroidManifest.xml:5:22-64
12    <uses-permission android:name="android.permission.ACCESS_NETWORK_STATE" />
12-->src\main\AndroidManifest.xml:6:5-78
12-->src\main\AndroidManifest.xml:6:22-76
13
14    <queries>
14-->[com.google.android.gms:play-services-games-v2:19.0.0] AndroidManifest.xml:7:5-10:15
15        <package android:name="com.google.android.gms" />
15-->[com.google.android.gms:play-services-games-v2:19.0.0] AndroidManifest.xml:8:9-58
15-->[com.google.android.gms:play-services-games-v2:19.0.0] AndroidManifest.xml:8:18-55
16        <package android:name="com.android.vending" />
16-->[com.google.android.gms:play-services-games-v2:19.0.0] AndroidManifest.xml:9:9-55
16-->[com.google.android.gms:play-services-games-v2:19.0.0] AndroidManifest.xml:9:18-52
17    </queries>
18
19    <permission
19-->[androidx.core:core:1.12.0] AndroidManifest.xml:22:5-24:47
20        android:name="org.kruemelopment.springball.DYNAMIC_RECEIVER_NOT_EXPORTED_PERMISSION"
20-->[androidx.core:core:1.12.0] AndroidManifest.xml:23:9-81
21        android:protectionLevel="signature" />
21-->[androidx.core:core:1.12.0] AndroidManifest.xml:24:9-44
22
23    <uses-permission android:name="org.kruemelopment.springball.DYNAMIC_RECEIVER_NOT_EXPORTED_PERMISSION" />
23-->[androidx.core:core:1.12.0] AndroidManifest.xml:26:5-97
23-->[androidx.core:core:1.12.0] AndroidManifest.xml:26:22-94
24
25    <application
25-->src\main\AndroidManifest.xml:8:5-63:19
26        android:allowBackup="true"
26-->src\main\AndroidManifest.xml:9:9-35
27        android:appCategory="game"
27-->src\main\AndroidManifest.xml:10:9-35
28        android:appComponentFactory="androidx.core.app.CoreComponentFactory"
28-->[androidx.core:core:1.12.0] AndroidManifest.xml:28:18-86
29        android:debuggable="true"
30        android:extractNativeLibs="false"
31        android:fullBackupOnly="true"
31-->src\main\AndroidManifest.xml:11:9-38
32        android:icon="@mipmap/launcher_icon"
32-->src\main\AndroidManifest.xml:12:9-45
33        android:label="@string/app_name"
33-->src\main\AndroidManifest.xml:14:9-41
34        android:resizeableActivity="false"
34-->src\main\AndroidManifest.xml:17:9-43
35        android:roundIcon="@mipmap/launcher_icon_round"
35-->src\main\AndroidManifest.xml:13:9-56
36        android:screenOrientation="portrait"
36-->src\main\AndroidManifest.xml:15:9-45
37        android:supportsRtl="true"
37-->src\main\AndroidManifest.xml:16:9-35
38        android:testOnly="true"
39        android:theme="@style/AppTheme" >
39-->src\main\AndroidManifest.xml:18:9-40
40        <provider
40-->src\main\AndroidManifest.xml:19:9-27:20
41            android:name="androidx.core.content.FileProvider"
41-->src\main\AndroidManifest.xml:20:13-62
42            android:authorities="org.kruemelopment.springball.provider"
42-->src\main\AndroidManifest.xml:21:13-72
43            android:exported="false"
43-->src\main\AndroidManifest.xml:22:13-37
44            android:grantUriPermissions="true" >
44-->src\main\AndroidManifest.xml:23:13-47
45            <meta-data
45-->src\main\AndroidManifest.xml:24:13-26:57
46                android:name="android.support.FILE_PROVIDER_PATHS"
46-->src\main\AndroidManifest.xml:25:17-67
47                android:resource="@xml/provider_paths" />
47-->src\main\AndroidManifest.xml:26:17-55
48        </provider>
49
50        <activity
50-->src\main\AndroidManifest.xml:28:9-40:20
51            android:name="org.kruemelopment.springball.Menu"
51-->src\main\AndroidManifest.xml:29:13-33
52            android:exported="true"
52-->src\main\AndroidManifest.xml:32:13-36
53            android:screenOrientation="sensorPortrait"
53-->src\main\AndroidManifest.xml:30:13-55
54            android:supportsPictureInPicture="false" >
54-->src\main\AndroidManifest.xml:31:13-53
55            <meta-data
55-->src\main\AndroidManifest.xml:33:13-34:53
56                android:name="android.app.shortcuts"
56-->src\main\AndroidManifest.xml:33:24-60
57                android:resource="@xml/shortcuts" />
57-->src\main\AndroidManifest.xml:34:17-50
58
59            <intent-filter>
59-->src\main\AndroidManifest.xml:35:13-39:29
60                <action android:name="android.intent.action.MAIN" />
60-->src\main\AndroidManifest.xml:36:17-69
60-->src\main\AndroidManifest.xml:36:25-66
61                <action android:name="android.intent.action.VIEW" />
61-->src\main\AndroidManifest.xml:37:17-69
61-->src\main\AndroidManifest.xml:37:25-66
62
63                <category android:name="android.intent.category.LAUNCHER" />
63-->src\main\AndroidManifest.xml:38:17-77
63-->src\main\AndroidManifest.xml:38:27-74
64            </intent-filter>
65        </activity>
66
67        <meta-data
67-->src\main\AndroidManifest.xml:42:9-44:46
68            android:name="com.google.android.gms.games.APP_ID"
68-->src\main\AndroidManifest.xml:43:13-63
69            android:value="@string/app_id" />
69-->src\main\AndroidManifest.xml:44:13-43
70        <meta-data
70-->src\main\AndroidManifest.xml:45:9-46:68
71            android:name="com.google.android.gms.version"
71-->src\main\AndroidManifest.xml:45:20-65
72            android:value="@integer/google_play_services_version" />
72-->src\main\AndroidManifest.xml:46:13-66
73
74        <activity
74-->src\main\AndroidManifest.xml:48:9-52:56
75            android:name="org.kruemelopment.springball.Shop"
75-->src\main\AndroidManifest.xml:49:13-33
76            android:screenOrientation="sensorPortrait"
76-->src\main\AndroidManifest.xml:50:13-55
77            android:supportsPictureInPicture="false" />
77-->src\main\AndroidManifest.xml:51:13-53
78        <activity
78-->src\main\AndroidManifest.xml:53:9-57:56
79            android:name="org.kruemelopment.springball.Game"
79-->src\main\AndroidManifest.xml:54:13-33
80            android:screenOrientation="sensorPortrait"
80-->src\main\AndroidManifest.xml:55:13-55
81            android:supportsPictureInPicture="false" />
81-->src\main\AndroidManifest.xml:56:13-53
82        <activity
82-->src\main\AndroidManifest.xml:58:9-62:56
83            android:name="org.kruemelopment.springball.Settings"
83-->src\main\AndroidManifest.xml:59:13-37
84            android:screenOrientation="sensorPortrait"
84-->src\main\AndroidManifest.xml:60:13-55
85            android:supportsPictureInPicture="false" />
85-->src\main\AndroidManifest.xml:61:13-53
86
87        <provider
87-->[com.google.android.gms:play-services-games-v2:19.0.0] AndroidManifest.xml:13:9-17:38
88            android:name="com.google.android.gms.games.provider.PlayGamesInitProvider"
88-->[com.google.android.gms:play-services-games-v2:19.0.0] AndroidManifest.xml:14:13-87
89            android:authorities="org.kruemelopment.springball.playgamesinitprovider"
89-->[com.google.android.gms:play-services-games-v2:19.0.0] AndroidManifest.xml:15:13-73
90            android:exported="false"
90-->[com.google.android.gms:play-services-games-v2:19.0.0] AndroidManifest.xml:16:13-37
91            android:initOrder="99" />
91-->[com.google.android.gms:play-services-games-v2:19.0.0] AndroidManifest.xml:17:13-35
92
93        <activity
93-->[com.google.android.gms:play-services-games-v2:19.0.0] AndroidManifest.xml:19:9-22:62
94            android:name="com.google.android.gms.games.internal.v2.resolution.GamesResolutionActivity"
94-->[com.google.android.gms:play-services-games-v2:19.0.0] AndroidManifest.xml:20:13-103
95            android:exported="false"
95-->[com.google.android.gms:play-services-games-v2:19.0.0] AndroidManifest.xml:21:13-37
96            android:theme="@style/Theme.Games.Transparent" />
96-->[com.google.android.gms:play-services-games-v2:19.0.0] AndroidManifest.xml:22:13-59
97
98        <meta-data
98-->[com.google.android.gms:play-services-games-v2:19.0.0] AndroidManifest.xml:24:9-26:62
99            android:name="com.google.android.gms.games.version"
99-->[com.google.android.gms:play-services-games-v2:19.0.0] AndroidManifest.xml:25:13-64
100            android:value="@string/play_games_sdk_version" />
100-->[com.google.android.gms:play-services-games-v2:19.0.0] AndroidManifest.xml:26:13-59
101
102        <activity
102-->[com.google.android.gms:play-services-base:18.0.1] AndroidManifest.xml:20:9-22:45
103            android:name="com.google.android.gms.common.api.GoogleApiActivity"
103-->[com.google.android.gms:play-services-base:18.0.1] AndroidManifest.xml:20:19-85
104            android:exported="false"
104-->[com.google.android.gms:play-services-base:18.0.1] AndroidManifest.xml:22:19-43
105            android:theme="@android:style/Theme.Translucent.NoTitleBar" />
105-->[com.google.android.gms:play-services-base:18.0.1] AndroidManifest.xml:21:19-78
106
107        <provider
107-->[androidx.emoji2:emoji2:1.2.0] AndroidManifest.xml:24:9-32:20
108            android:name="androidx.startup.InitializationProvider"
108-->[androidx.emoji2:emoji2:1.2.0] AndroidManifest.xml:25:13-67
109            android:authorities="org.kruemelopment.springball.androidx-startup"
109-->[androidx.emoji2:emoji2:1.2.0] AndroidManifest.xml:26:13-68
110            android:exported="false" >
110-->[androidx.emoji2:emoji2:1.2.0] AndroidManifest.xml:27:13-37
111            <meta-data
111-->[androidx.emoji2:emoji2:1.2.0] AndroidManifest.xml:29:13-31:52
112                android:name="androidx.emoji2.text.EmojiCompatInitializer"
112-->[androidx.emoji2:emoji2:1.2.0] AndroidManifest.xml:30:17-75
113                android:value="androidx.startup" />
113-->[androidx.emoji2:emoji2:1.2.0] AndroidManifest.xml:31:17-49
114            <meta-data
114-->[androidx.lifecycle:lifecycle-process:2.6.1] AndroidManifest.xml:29:13-31:52
115                android:name="androidx.lifecycle.ProcessLifecycleInitializer"
115-->[androidx.lifecycle:lifecycle-process:2.6.1] AndroidManifest.xml:30:17-78
116                android:value="androidx.startup" />
116-->[androidx.lifecycle:lifecycle-process:2.6.1] AndroidManifest.xml:31:17-49
117            <meta-data
117-->[androidx.profileinstaller:profileinstaller:1.3.0] AndroidManifest.xml:29:13-31:52
118                android:name="androidx.profileinstaller.ProfileInstallerInitializer"
118-->[androidx.profileinstaller:profileinstaller:1.3.0] AndroidManifest.xml:30:17-85
119                android:value="androidx.startup" />
119-->[androidx.profileinstaller:profileinstaller:1.3.0] AndroidManifest.xml:31:17-49
120        </provider>
121
122        <receiver
122-->[androidx.profileinstaller:profileinstaller:1.3.0] AndroidManifest.xml:34:9-52:20
123            android:name="androidx.profileinstaller.ProfileInstallReceiver"
123-->[androidx.profileinstaller:profileinstaller:1.3.0] AndroidManifest.xml:35:13-76
124            android:directBootAware="false"
124-->[androidx.profileinstaller:profileinstaller:1.3.0] AndroidManifest.xml:36:13-44
125            android:enabled="true"
125-->[androidx.profileinstaller:profileinstaller:1.3.0] AndroidManifest.xml:37:13-35
126            android:exported="true"
126-->[androidx.profileinstaller:profileinstaller:1.3.0] AndroidManifest.xml:38:13-36
127            android:permission="android.permission.DUMP" >
127-->[androidx.profileinstaller:profileinstaller:1.3.0] AndroidManifest.xml:39:13-57
128            <intent-filter>
128-->[androidx.profileinstaller:profileinstaller:1.3.0] AndroidManifest.xml:40:13-42:29
129                <action android:name="androidx.profileinstaller.action.INSTALL_PROFILE" />
129-->[androidx.profileinstaller:profileinstaller:1.3.0] AndroidManifest.xml:41:17-91
129-->[androidx.profileinstaller:profileinstaller:1.3.0] AndroidManifest.xml:41:25-88
130            </intent-filter>
131            <intent-filter>
131-->[androidx.profileinstaller:profileinstaller:1.3.0] AndroidManifest.xml:43:13-45:29
132                <action android:name="androidx.profileinstaller.action.SKIP_FILE" />
132-->[androidx.profileinstaller:profileinstaller:1.3.0] AndroidManifest.xml:44:17-85
132-->[androidx.profileinstaller:profileinstaller:1.3.0] AndroidManifest.xml:44:25-82
133            </intent-filter>
134            <intent-filter>
134-->[androidx.profileinstaller:profileinstaller:1.3.0] AndroidManifest.xml:46:13-48:29
135                <action android:name="androidx.profileinstaller.action.SAVE_PROFILE" />
135-->[androidx.profileinstaller:profileinstaller:1.3.0] AndroidManifest.xml:47:17-88
135-->[androidx.profileinstaller:profileinstaller:1.3.0] AndroidManifest.xml:47:25-85
136            </intent-filter>
137            <intent-filter>
137-->[androidx.profileinstaller:profileinstaller:1.3.0] AndroidManifest.xml:49:13-51:29
138                <action android:name="androidx.profileinstaller.action.BENCHMARK_OPERATION" />
138-->[androidx.profileinstaller:profileinstaller:1.3.0] AndroidManifest.xml:50:17-95
138-->[androidx.profileinstaller:profileinstaller:1.3.0] AndroidManifest.xml:50:25-92
139            </intent-filter>
140        </receiver>
141    </application>
142
143</manifest>